<?xml version="1.0" encoding="UTF-8"?>
<!-- Generated by org.testng.reporters.JUnitXMLReporter -->
<testsuite hostname="DESKTOP-P4V00TR" ignored="0" name="Test" tests="3" failures="0" timestamp="26 Feb 2018 19:31:22 GMT" time="7.263" errors="0">
  <testcase name="googleHome" time="1.15" classname="softtest.LoginTest"/>
  <testcase name="searchKeyword" time="1.768" classname="softtest.LoginTest"/>
  <testcase name="searchKeywordSuccess" time="0.099" classname="softtest.LoginTest"/>
</testsuite> <!-- Test -->
