<?xml version="1.0" encoding="UTF-8"?>
<testng-results skipped="0" failed="0" ignored="0" total="3" passed="3">
  <reporter-output>
  </reporter-output>
  <suite name="Suite" duration-ms="7263" started-at="2018-02-26T19:31:15Z" finished-at="2018-02-26T19:31:22Z">
    <groups>
    </groups>
    <test name="Test" duration-ms="7263" started-at="2018-02-26T19:31:15Z" finished-at="2018-02-26T19:31:22Z">
      <class name="softtest.LoginTest">
        <test-method status="PASS" signature="setup()[pri:0, instance:softtest.LoginTest@6537cf78]" name="setup" is-config="true" duration-ms="4211" started-at="2018-02-26T19:31:15Z" finished-at="2018-02-26T19:31:19Z">
          <reporter-output>
          </reporter-output>
        </test-method> <!-- setup -->
        <test-method status="PASS" signature="googleHome()[pri:0, instance:softtest.LoginTest@6537cf78]" name="googleHome" duration-ms="1150" started-at="2018-02-26T19:31:19Z" finished-at="2018-02-26T19:31:21Z">
          <reporter-output>
          </reporter-output>
        </test-method> <!-- googleHome -->
        <test-method status="PASS" signature="searchKeyword()[pri:0, instance:softtest.LoginTest@6537cf78]" name="searchKeyword" duration-ms="1768" started-at="2018-02-26T19:31:21Z" finished-at="2018-02-26T19:31:22Z">
          <reporter-output>
          </reporter-output>
        </test-method> <!-- searchKeyword -->
        <test-method status="PASS" signature="searchKeywordSuccess()[pri:0, instance:softtest.LoginTest@6537cf78]" name="searchKeywordSuccess" duration-ms="99" started-at="2018-02-26T19:31:22Z" finished-at="2018-02-26T19:31:22Z">
          <reporter-output>
          </reporter-output>
        </test-method> <!-- searchKeywordSuccess -->
      </class> <!-- softtest.LoginTest -->
    </test> <!-- Test -->
  </suite> <!-- Suite -->
</testng-results>
